Start testing: May 26 09:35 Томск (зима)
----------------------------------------------------------
1/3 Testing: test_basic
1/3 Test: test_basic
Command: "D:/vsc_projects/lab_07/task_07/build/tests/test_basic.exe"
Directory: D:/vsc_projects/lab_07/task_07/build/tests
"test_basic" start time: May 26 09:35 Томск (зима)
Output:
----------------------------------------------------------
<end of output>
Test time =   0.05 sec
----------------------------------------------------------
Test Passed.
"test_basic" end time: May 26 09:35 Томск (зима)
"test_basic" time elapsed: 00:00:00
----------------------------------------------------------

2/3 Testing: test_medium
2/3 Test: test_medium
Command: "D:/vsc_projects/lab_07/task_07/build/tests/test_medium.exe"
Directory: D:/vsc_projects/lab_07/task_07/build/tests
"test_medium" start time: May 26 09:35 Томск (зима)
Output:
----------------------------------------------------------
<end of output>
Test time =   0.05 sec
----------------------------------------------------------
Test Passed.
"test_medium" end time: May 26 09:35 Томск (зима)
"test_medium" time elapsed: 00:00:00
----------------------------------------------------------

3/3 Testing: test_small
3/3 Test: test_small
Command: "D:/vsc_projects/lab_07/task_07/build/tests/test_small.exe"
Directory: D:/vsc_projects/lab_07/task_07/build/tests
"test_small" start time: May 26 09:35 Томск (зима)
Output:
----------------------------------------------------------
<end of output>
Test time =   0.04 sec
----------------------------------------------------------
Test Passed.
"test_small" end time: May 26 09:35 Томск (зима)
"test_small" time elapsed: 00:00:00
----------------------------------------------------------

End testing: May 26 09:35 Томск (зима)
